\BOOKMARK [1][-]{section.1}{Introduction}{}
\BOOKMARK [2][-]{subsection.1.1}{Claims reserving in insurance}{section.1}
\BOOKMARK [2][-]{subsection.1.2}{Typical scenario}{section.1}
\BOOKMARK [2][-]{subsection.1.3}{Stochastic reserving }{section.1}
\BOOKMARK [2][-]{subsection.1.4}{Getting started}{section.1}
\BOOKMARK [3][-]{subsubsection.1.4.1}{Installation:}{subsection.1.4}
\BOOKMARK [3][-]{subsubsection.1.4.2}{Loading the package:}{subsection.1.4}
\BOOKMARK [3][-]{subsubsection.1.4.3}{Help:}{subsection.1.4}
\BOOKMARK [3][-]{subsubsection.1.4.4}{Examples:}{subsection.1.4}
\BOOKMARK [2][-]{subsection.1.5}{Example data sets }{section.1}
\BOOKMARK [2][-]{subsection.1.6}{Working with triangles}{section.1}
\BOOKMARK [1][-]{section.2}{ChainLadder package philosophy}{}
\BOOKMARK [2][-]{subsection.2.1}{Chain-ladder as linear regression }{section.2}
\BOOKMARK [1][-]{section.3}{The ChainLadder package}{}
\BOOKMARK [2][-]{subsection.3.1}{MackChainLadder}{section.3}
\BOOKMARK [2][-]{subsection.3.2}{MunichChainLadder}{section.3}
\BOOKMARK [2][-]{subsection.3.3}{BootChainLadder}{section.3}
\BOOKMARK [2][-]{subsection.3.4}{Generic Methods}{section.3}
\BOOKMARK [1][-]{section.4}{R and databases}{}
\BOOKMARK [2][-]{subsection.4.1}{Create sample data in a table format}{section.4}
\BOOKMARK [2][-]{subsection.4.2}{Write test data into database}{section.4}
\BOOKMARK [2][-]{subsection.4.3}{Transform tables into triangles}{section.4}
\BOOKMARK [2][-]{subsection.4.4}{Database summary}{section.4}
\BOOKMARK [1][-]{section.5}{R and MS Office interfaces}{}
\BOOKMARK [2][-]{subsection.5.1}{Windows meta-file}{section.5}
\BOOKMARK [2][-]{subsection.5.2}{Clipboard to exchange data}{section.5}
\BOOKMARK [3][-]{subsubsection.5.2.1}{R \040Excel}{subsection.5.2}
\BOOKMARK [3][-]{subsubsection.5.2.2}{Excel \040R}{subsection.5.2}
\BOOKMARK [2][-]{subsection.5.3}{RExcel - Using R from within Excel}{section.5}
\BOOKMARK [2][-]{subsection.5.4}{Using the COM server \(VBA Example\)}{section.5}
\BOOKMARK [2][-]{subsection.5.5}{rcom: Control MS Office from R}{section.5}
\BOOKMARK [1][-]{section.6}{More help}{}
\BOOKMARK [1][-]{section.7}{Conclusion}{}
\BOOKMARK [1][-]{section.8}{The ChainLadder package}{}
\BOOKMARK [2][-]{subsection.8.1}{Mack Chain Ladder}{section.8}
